{"level":"info","message":"[UserService] => Signup process started"}
{"level":"error","message":"[UserService] => Signup process failed newUser.generateHash is not a function","stack":"TypeError: newUser.generateHash is not a function\n    at Object.Signup (C:\\Users\\IREMIDE\\Desktop\\altSchool\\NodeJS Assignment\\Todo App\\Services\\user.services.js:24:42)\n    at process.processTicksAndRejections (node:internal/process/task_queues:95:5)\n    at async C:\\Users\\IREMIDE\\Desktop\\altSchool\\NodeJS Assignment\\Todo App\\Views\\viewRouter.js:34:22"}
{"level":"info","message":"[UserService] => Signup process started"}
{"level":"error","message":"[UserService] => Signup process failed newUser.generateHash is not a function","stack":"TypeError: newUser.generateHash is not a function\n    at Object.Signup (C:\\Users\\IREMIDE\\Desktop\\altSchool\\NodeJS Assignment\\Todo App\\Services\\user.services.js:24:42)\n    at process.processTicksAndRejections (node:internal/process/task_queues:95:5)\n    at async C:\\Users\\IREMIDE\\Desktop\\altSchool\\NodeJS Assignment\\Todo App\\Views\\viewRouter.js:34:22"}
{"level":"info","message":"[UserService] => Signup process started"}
{"level":"info","message":"[UserService] => Signup process started"}
{"level":"info","message":"[UserService] => Signup process started"}
{"level":"info","message":"[UserService] => Signup process started"}
{"level":"info","message":"[CreateUser] => login process started"}
{"level":"info","message":"[CreateUser] => login process started"}
{"level":"info","message":"[CreateUser] => login process started"}
{"level":"info","message":"[UserService] => Signup process started"}
{"level":"info","message":"[CreateUser] => login process started"}
{"level":"info","message":"[CreateUser] => login process started"}
{"level":"info","message":"[CreateUser] => login process started"}
{"level":"info","message":"[UserService] => Signup process started"}
{"level":"info","message":"[UserService] => Signup process started"}
{"level":"info","message":"[UserService] => Signup process started"}
{"level":"info","message":"[UserService] => Signup process started"}
{"level":"info","message":"[UserService] => Signup process started"}
{"level":"info","message":"[UserService] => Signup process started"}
{"level":"info","message":"[UserService] => Signup process started"}
{"level":"info","message":"[CreateUser] => login process started"}
{"level":"info","message":"[CreateUser] => login process started"}
{"level":"info","message":"[CreateUser] => login process started"}
{"level":"info","message":"[CreateUser] => login process started"}
{"level":"info","message":"[UseService] => login process started"}
{"level":"info","message":"[UseService] => login process started"}
{"level":"info","message":"[UseService] => login process started"}
{"level":"info","message":"[UseService] => login process started"}
{"level":"info","message":"[UseService] => login process started"}
{"level":"info","message":"[UseService] => login process started"}
{"level":"info","message":"[UseService] => login process started"}
{"level":"info","message":"[UseService] => login process started"}
{"level":"info","message":"[UseService] => login process started"}
{"level":"info","message":"[UseService] => login process started"}
{"level":"info","message":"[UseService] => login process started"}
{"level":"info","message":"[UserService] => Signup process started"}
{"level":"info","message":"[UseService] => login process started"}
{"level":"info","message":"[UseService] => login process started"}
{"level":"info","message":"[UseService] => login process started"}
{"level":"info","message":"[UseService] => login process started"}
{"level":"info","message":"[UseService] => login process started"}
{"level":"info","message":"[UseService] => login process started"}
{"level":"info","message":"[UseService] => login process started"}
{"level":"info","message":"[UseService] => login process started"}
{"level":"info","message":"[UseService] => login process started"}
{"level":"info","message":"[UseService] => login process started"}
{"level":"info","message":"[UseService] => login process started"}
{"level":"info","message":"[UseService] => login process started"}
{"level":"info","message":"[UseService] => login process started"}
{"_message":"Task validation failed","errors":{"description":{"kind":"required","message":"Path `description` is required.","name":"ValidatorError","path":"description","properties":{"message":"Path `description` is required.","path":"description","type":"required"}}},"level":"error","message":"[UserService] => Task Registration process failed Task validation failed: description: Path `description` is required.","stack":"ValidationError: Task validation failed: description: Path `description` is required.\n    at Document.invalidate (C:\\Users\\IREMIDE\\Desktop\\altSchool\\NodeJS Assignment\\Todo App\\node_modules\\mongoose\\lib\\document.js:3173:32)\n    at C:\\Users\\IREMIDE\\Desktop\\altSchool\\NodeJS Assignment\\Todo App\\node_modules\\mongoose\\lib\\document.js:2966:17\n    at C:\\Users\\IREMIDE\\Desktop\\altSchool\\NodeJS Assignment\\Todo App\\node_modules\\mongoose\\lib\\schematype.js:1367:9\n    at process.processTicksAndRejections (node:internal/process/task_queues:77:11)"}
{"_message":"Task validation failed","errors":{"description":{"kind":"required","message":"Path `description` is required.","name":"ValidatorError","path":"description","properties":{"message":"Path `description` is required.","path":"description","type":"required"}}},"level":"error","message":"[UserService] => Task Registration process failed Task validation failed: description: Path `description` is required.","stack":"ValidationError: Task validation failed: description: Path `description` is required.\n    at Document.invalidate (C:\\Users\\IREMIDE\\Desktop\\altSchool\\NodeJS Assignment\\Todo App\\node_modules\\mongoose\\lib\\document.js:3173:32)\n    at C:\\Users\\IREMIDE\\Desktop\\altSchool\\NodeJS Assignment\\Todo App\\node_modules\\mongoose\\lib\\document.js:2966:17\n    at C:\\Users\\IREMIDE\\Desktop\\altSchool\\NodeJS Assignment\\Todo App\\node_modules\\mongoose\\lib\\schematype.js:1367:9\n    at process.processTicksAndRejections (node:internal/process/task_queues:77:11)"}
{"_message":"Task validation failed","errors":{"description":{"kind":"required","message":"Path `description` is required.","name":"ValidatorError","path":"description","properties":{"message":"Path `description` is required.","path":"description","type":"required"}}},"level":"error","message":"[UserService] => Task Registration process failed Task validation failed: description: Path `description` is required.","stack":"ValidationError: Task validation failed: description: Path `description` is required.\n    at Document.invalidate (C:\\Users\\IREMIDE\\Desktop\\altSchool\\NodeJS Assignment\\Todo App\\node_modules\\mongoose\\lib\\document.js:3173:32)\n    at C:\\Users\\IREMIDE\\Desktop\\altSchool\\NodeJS Assignment\\Todo App\\node_modules\\mongoose\\lib\\document.js:2966:17\n    at C:\\Users\\IREMIDE\\Desktop\\altSchool\\NodeJS Assignment\\Todo App\\node_modules\\mongoose\\lib\\schematype.js:1367:9\n    at process.processTicksAndRejections (node:internal/process/task_queues:77:11)"}
{"level":"info","message":"[UserService] => Signup process started"}
{"level":"info","message":"[UseService] => login process started"}
{"level":"info","message":"[UseService] => login process started"}
{"level":"info","message":"[UseService] => login process started"}
{"level":"info","message":"[UseService] => login process started"}
{"level":"info","message":"[UseService] => login process started"}
{"level":"info","message":"[UseService] => login process started"}
{"level":"info","message":"[UseService] => login process started"}
{"level":"info","message":"[UseService] => login process started"}
{"level":"info","message":"[UseService] => login process started"}
{"level":"info","message":"[UseService] => login process started"}
{"level":"info","message":"[UseService] => login process started"}
{"level":"info","message":"[UseService] => login process started"}
{"level":"info","message":"[UseService] => login process started"}
{"level":"info","message":"[UseService] => login process started"}
{"level":"info","message":"[UseService] => login process started"}
{"level":"info","message":"[UseService] => login process started"}
{"level":"info","message":"[UserService] => Signup process started"}
{"level":"info","message":"[UseService] => login process started"}
{"level":"info","message":"[UseService] => login process started"}
{"level":"info","message":"[UseService] => login process started"}
{"level":"info","message":"[UseService] => login process started"}
{"level":"info","message":"[UseService] => login process started"}
{"level":"info","message":"[UserService] => Signup process started"}
{"level":"info","message":"[UseService] => login process started"}
{"level":"info","message":"[UseService] => login process started"}
{"level":"info","message":"[UseService] => login process started"}
{"level":"info","message":"[UseService] => login process started"}
{"level":"info","message":"[UseService] => login process started"}
{"level":"info","message":"[UseService] => login process started"}
{"_message":"Task validation failed","errors":{"user":{"kind":"required","message":"Path `user` is required.","name":"ValidatorError","path":"user","properties":{"message":"Path `user` is required.","path":"user","type":"required"}}},"level":"error","message":"[UserService] => Task Registration process failed Task validation failed: user: Path `user` is required.","stack":"ValidationError: Task validation failed: user: Path `user` is required.\n    at Document.invalidate (C:\\Users\\IREMIDE\\Desktop\\altSchool\\NodeJS Assignment\\Todo App\\node_modules\\mongoose\\lib\\document.js:3173:32)\n    at C:\\Users\\IREMIDE\\Desktop\\altSchool\\NodeJS Assignment\\Todo App\\node_modules\\mongoose\\lib\\document.js:2966:17\n    at C:\\Users\\IREMIDE\\Desktop\\altSchool\\NodeJS Assignment\\Todo App\\node_modules\\mongoose\\lib\\schematype.js:1367:9\n    at process.processTicksAndRejections (node:internal/process/task_queues:77:11)"}
{"_message":"Task validation failed","errors":{"user":{"kind":"required","message":"Path `user` is required.","name":"ValidatorError","path":"user","properties":{"message":"Path `user` is required.","path":"user","type":"required"}}},"level":"error","message":"[UserService] => Task Registration process failed Task validation failed: user: Path `user` is required.","stack":"ValidationError: Task validation failed: user: Path `user` is required.\n    at Document.invalidate (C:\\Users\\IREMIDE\\Desktop\\altSchool\\NodeJS Assignment\\Todo App\\node_modules\\mongoose\\lib\\document.js:3173:32)\n    at C:\\Users\\IREMIDE\\Desktop\\altSchool\\NodeJS Assignment\\Todo App\\node_modules\\mongoose\\lib\\document.js:2966:17\n    at C:\\Users\\IREMIDE\\Desktop\\altSchool\\NodeJS Assignment\\Todo App\\node_modules\\mongoose\\lib\\schematype.js:1367:9\n    at process.processTicksAndRejections (node:internal/process/task_queues:77:11)"}
{"_message":"Task validation failed","errors":{"user":{"kind":"required","message":"Path `user` is required.","name":"ValidatorError","path":"user","properties":{"message":"Path `user` is required.","path":"user","type":"required"}}},"level":"error","message":"[UserService] => Task Registration process failed Task validation failed: user: Path `user` is required.","stack":"ValidationError: Task validation failed: user: Path `user` is required.\n    at Document.invalidate (C:\\Users\\IREMIDE\\Desktop\\altSchool\\NodeJS Assignment\\Todo App\\node_modules\\mongoose\\lib\\document.js:3173:32)\n    at C:\\Users\\IREMIDE\\Desktop\\altSchool\\NodeJS Assignment\\Todo App\\node_modules\\mongoose\\lib\\document.js:2966:17\n    at C:\\Users\\IREMIDE\\Desktop\\altSchool\\NodeJS Assignment\\Todo App\\node_modules\\mongoose\\lib\\schematype.js:1367:9\n    at process.processTicksAndRejections (node:internal/process/task_queues:77:11)"}
{"level":"info","message":"[UseService] => login process started"}
{"_message":"Task validation failed","errors":{"user":{"kind":"required","message":"Path `user` is required.","name":"ValidatorError","path":"user","properties":{"message":"Path `user` is required.","path":"user","type":"required"}}},"level":"error","message":"[UserService] => Task Registration process failed Task validation failed: user: Path `user` is required.","stack":"ValidationError: Task validation failed: user: Path `user` is required.\n    at Document.invalidate (C:\\Users\\IREMIDE\\Desktop\\altSchool\\NodeJS Assignment\\Todo App\\node_modules\\mongoose\\lib\\document.js:3173:32)\n    at C:\\Users\\IREMIDE\\Desktop\\altSchool\\NodeJS Assignment\\Todo App\\node_modules\\mongoose\\lib\\document.js:2966:17\n    at C:\\Users\\IREMIDE\\Desktop\\altSchool\\NodeJS Assignment\\Todo App\\node_modules\\mongoose\\lib\\schematype.js:1367:9\n    at process.processTicksAndRejections (node:internal/process/task_queues:77:11)"}
{"_message":"Task validation failed","errors":{"user":{"kind":"required","message":"Path `user` is required.","name":"ValidatorError","path":"user","properties":{"message":"Path `user` is required.","path":"user","type":"required"}}},"level":"error","message":"[UserService] => Task Registration process failed Task validation failed: user: Path `user` is required.","stack":"ValidationError: Task validation failed: user: Path `user` is required.\n    at Document.invalidate (C:\\Users\\IREMIDE\\Desktop\\altSchool\\NodeJS Assignment\\Todo App\\node_modules\\mongoose\\lib\\document.js:3173:32)\n    at C:\\Users\\IREMIDE\\Desktop\\altSchool\\NodeJS Assignment\\Todo App\\node_modules\\mongoose\\lib\\document.js:2966:17\n    at C:\\Users\\IREMIDE\\Desktop\\altSchool\\NodeJS Assignment\\Todo App\\node_modules\\mongoose\\lib\\schematype.js:1367:9\n    at process.processTicksAndRejections (node:internal/process/task_queues:77:11)"}
{"_message":"Task validation failed","errors":{"user":{"kind":"required","message":"Path `user` is required.","name":"ValidatorError","path":"user","properties":{"message":"Path `user` is required.","path":"user","type":"required"}}},"level":"error","message":"[UserService] => Task Registration process failed Task validation failed: user: Path `user` is required.","stack":"ValidationError: Task validation failed: user: Path `user` is required.\n    at Document.invalidate (C:\\Users\\IREMIDE\\Desktop\\altSchool\\NodeJS Assignment\\Todo App\\node_modules\\mongoose\\lib\\document.js:3173:32)\n    at C:\\Users\\IREMIDE\\Desktop\\altSchool\\NodeJS Assignment\\Todo App\\node_modules\\mongoose\\lib\\document.js:2966:17\n    at C:\\Users\\IREMIDE\\Desktop\\altSchool\\NodeJS Assignment\\Todo App\\node_modules\\mongoose\\lib\\schematype.js:1367:9\n    at process.processTicksAndRejections (node:internal/process/task_queues:77:11)"}
{"level":"info","message":"[UserService] => Signup process started"}
{"level":"info","message":"[UserService] => Signup process started"}
{"level":"info","message":"[UserService] => Signup process started"}
{"level":"info","message":"[UserService] => Signup process started"}
{"level":"info","message":"[UseService] => login process started"}
{"level":"info","message":"[UseService] => login process started"}
{"level":"info","message":"[UseService] => login process started"}
{"level":"info","message":"[UseService] => login process started"}
{"level":"info","message":"[UseService] => login process started"}
{"level":"info","message":"[UseService] => login process started"}
{"_message":"Task validation failed","errors":{"user":{"kind":"ObjectId","message":"Cast to ObjectId failed for value \"eyJhbGciOiJIUzI1NiIsInR5cCI6IkpXVCJ9.eyJlbWFpbCI6IkZpcnN0QGdtYWlsLmNvbSIsIl9pZCI6IjY1MmU3ODk5MzI2ZmY3OGI1MzI1NGM2YSIsImlhdCI6MTY5NzcxMTgyMiwiZXhwIjoxNjk3NzE1NDIyfQ.4wTslt499UllIpc0ROFfunraNjX3Gs1IawWSNscFyIE\" (type string) at path \"user\" because of \"BSONError\"","name":"CastError","path":"user","reason":{},"stringValue":"\"eyJhbGciOiJIUzI1NiIsInR5cCI6IkpXVCJ9.eyJlbWFpbCI6IkZpcnN0QGdtYWlsLmNvbSIsIl9pZCI6IjY1MmU3ODk5MzI2ZmY3OGI1MzI1NGM2YSIsImlhdCI6MTY5NzcxMTgyMiwiZXhwIjoxNjk3NzE1NDIyfQ.4wTslt499UllIpc0ROFfunraNjX3Gs1IawWSNscFyIE\"","value":"eyJhbGciOiJIUzI1NiIsInR5cCI6IkpXVCJ9.eyJlbWFpbCI6IkZpcnN0QGdtYWlsLmNvbSIsIl9pZCI6IjY1MmU3ODk5MzI2ZmY3OGI1MzI1NGM2YSIsImlhdCI6MTY5NzcxMTgyMiwiZXhwIjoxNjk3NzE1NDIyfQ.4wTslt499UllIpc0ROFfunraNjX3Gs1IawWSNscFyIE","valueType":"string"}},"level":"error","message":"[UserService] => Task Registration process failed Task validation failed: user: Cast to ObjectId failed for value \"eyJhbGciOiJIUzI1NiIsInR5cCI6IkpXVCJ9.eyJlbWFpbCI6IkZpcnN0QGdtYWlsLmNvbSIsIl9pZCI6IjY1MmU3ODk5MzI2ZmY3OGI1MzI1NGM2YSIsImlhdCI6MTY5NzcxMTgyMiwiZXhwIjoxNjk3NzE1NDIyfQ.4wTslt499UllIpc0ROFfunraNjX3Gs1IawWSNscFyIE\" (type string) at path \"user\" because of \"BSONError\"","stack":"ValidationError: Task validation failed: user: Cast to ObjectId failed for value \"eyJhbGciOiJIUzI1NiIsInR5cCI6IkpXVCJ9.eyJlbWFpbCI6IkZpcnN0QGdtYWlsLmNvbSIsIl9pZCI6IjY1MmU3ODk5MzI2ZmY3OGI1MzI1NGM2YSIsImlhdCI6MTY5NzcxMTgyMiwiZXhwIjoxNjk3NzE1NDIyfQ.4wTslt499UllIpc0ROFfunraNjX3Gs1IawWSNscFyIE\" (type string) at path \"user\" because of \"BSONError\"\n    at Document.invalidate (C:\\Users\\IREMIDE\\Desktop\\altSchool\\NodeJS Assignment\\Todo App\\node_modules\\mongoose\\lib\\document.js:3173:32)\n    at model.$set (C:\\Users\\IREMIDE\\Desktop\\altSchool\\NodeJS Assignment\\Todo App\\node_modules\\mongoose\\lib\\document.js:1453:12)\n    at model.$set (C:\\Users\\IREMIDE\\Desktop\\altSchool\\NodeJS Assignment\\Todo App\\node_modules\\mongoose\\lib\\document.js:1113:16)\n    at model.Document (C:\\Users\\IREMIDE\\Desktop\\altSchool\\NodeJS Assignment\\Todo App\\node_modules\\mongoose\\lib\\document.js:164:12)\n    at model.Model (C:\\Users\\IREMIDE\\Desktop\\altSchool\\NodeJS Assignment\\Todo App\\node_modules\\mongoose\\lib\\model.js:123:12)\n    at new model (C:\\Users\\IREMIDE\\Desktop\\altSchool\\NodeJS Assignment\\Todo App\\node_modules\\mongoose\\lib\\model.js:4730:15)\n    at C:\\Users\\IREMIDE\\Desktop\\altSchool\\NodeJS Assignment\\Todo App\\node_modules\\mongoose\\lib\\model.js:2934:18\n    at Array.map (<anonymous>)\n    at Function.create (C:\\Users\\IREMIDE\\Desktop\\altSchool\\NodeJS Assignment\\Todo App\\node_modules\\mongoose\\lib\\model.js:2923:30)\n    at Object.createTask (C:\\Users\\IREMIDE\\Desktop\\altSchool\\NodeJS Assignment\\Todo App\\Services\\task.services.js:84:39)"}
{"_message":"Task validation failed","errors":{"user":{"kind":"ObjectId","message":"Cast to ObjectId failed for value \"eyJhbGciOiJIUzI1NiIsInR5cCI6IkpXVCJ9.eyJlbWFpbCI6IkZpcnN0QGdtYWlsLmNvbSIsIl9pZCI6IjY1MmU3ODk5MzI2ZmY3OGI1MzI1NGM2YSIsImlhdCI6MTY5NzcxMTgyMiwiZXhwIjoxNjk3NzE1NDIyfQ.4wTslt499UllIpc0ROFfunraNjX3Gs1IawWSNscFyIE\" (type string) at path \"user\" because of \"BSONError\"","name":"CastError","path":"user","reason":{},"stringValue":"\"eyJhbGciOiJIUzI1NiIsInR5cCI6IkpXVCJ9.eyJlbWFpbCI6IkZpcnN0QGdtYWlsLmNvbSIsIl9pZCI6IjY1MmU3ODk5MzI2ZmY3OGI1MzI1NGM2YSIsImlhdCI6MTY5NzcxMTgyMiwiZXhwIjoxNjk3NzE1NDIyfQ.4wTslt499UllIpc0ROFfunraNjX3Gs1IawWSNscFyIE\"","value":"eyJhbGciOiJIUzI1NiIsInR5cCI6IkpXVCJ9.eyJlbWFpbCI6IkZpcnN0QGdtYWlsLmNvbSIsIl9pZCI6IjY1MmU3ODk5MzI2ZmY3OGI1MzI1NGM2YSIsImlhdCI6MTY5NzcxMTgyMiwiZXhwIjoxNjk3NzE1NDIyfQ.4wTslt499UllIpc0ROFfunraNjX3Gs1IawWSNscFyIE","valueType":"string"}},"level":"error","message":"[UserService] => Task Registration process failed Task validation failed: user: Cast to ObjectId failed for value \"eyJhbGciOiJIUzI1NiIsInR5cCI6IkpXVCJ9.eyJlbWFpbCI6IkZpcnN0QGdtYWlsLmNvbSIsIl9pZCI6IjY1MmU3ODk5MzI2ZmY3OGI1MzI1NGM2YSIsImlhdCI6MTY5NzcxMTgyMiwiZXhwIjoxNjk3NzE1NDIyfQ.4wTslt499UllIpc0ROFfunraNjX3Gs1IawWSNscFyIE\" (type string) at path \"user\" because of \"BSONError\"","stack":"ValidationError: Task validation failed: user: Cast to ObjectId failed for value \"eyJhbGciOiJIUzI1NiIsInR5cCI6IkpXVCJ9.eyJlbWFpbCI6IkZpcnN0QGdtYWlsLmNvbSIsIl9pZCI6IjY1MmU3ODk5MzI2ZmY3OGI1MzI1NGM2YSIsImlhdCI6MTY5NzcxMTgyMiwiZXhwIjoxNjk3NzE1NDIyfQ.4wTslt499UllIpc0ROFfunraNjX3Gs1IawWSNscFyIE\" (type string) at path \"user\" because of \"BSONError\"\n    at Document.invalidate (C:\\Users\\IREMIDE\\Desktop\\altSchool\\NodeJS Assignment\\Todo App\\node_modules\\mongoose\\lib\\document.js:3173:32)\n    at model.$set (C:\\Users\\IREMIDE\\Desktop\\altSchool\\NodeJS Assignment\\Todo App\\node_modules\\mongoose\\lib\\document.js:1453:12)\n    at model.$set (C:\\Users\\IREMIDE\\Desktop\\altSchool\\NodeJS Assignment\\Todo App\\node_modules\\mongoose\\lib\\document.js:1113:16)\n    at model.Document (C:\\Users\\IREMIDE\\Desktop\\altSchool\\NodeJS Assignment\\Todo App\\node_modules\\mongoose\\lib\\document.js:164:12)\n    at model.Model (C:\\Users\\IREMIDE\\Desktop\\altSchool\\NodeJS Assignment\\Todo App\\node_modules\\mongoose\\lib\\model.js:123:12)\n    at new model (C:\\Users\\IREMIDE\\Desktop\\altSchool\\NodeJS Assignment\\Todo App\\node_modules\\mongoose\\lib\\model.js:4730:15)\n    at C:\\Users\\IREMIDE\\Desktop\\altSchool\\NodeJS Assignment\\Todo App\\node_modules\\mongoose\\lib\\model.js:2934:18\n    at Array.map (<anonymous>)\n    at Function.create (C:\\Users\\IREMIDE\\Desktop\\altSchool\\NodeJS Assignment\\Todo App\\node_modules\\mongoose\\lib\\model.js:2923:30)\n    at Object.createTask (C:\\Users\\IREMIDE\\Desktop\\altSchool\\NodeJS Assignment\\Todo App\\Services\\task.services.js:84:39)"}
{"_message":"Task validation failed","errors":{"user":{"kind":"ObjectId","message":"Cast to ObjectId failed for value \"eyJhbGciOiJIUzI1NiIsInR5cCI6IkpXVCJ9.eyJlbWFpbCI6IkZpcnN0QGdtYWlsLmNvbSIsIl9pZCI6IjY1MmU3ODk5MzI2ZmY3OGI1MzI1NGM2YSIsImlhdCI6MTY5NzcxMTgyMiwiZXhwIjoxNjk3NzE1NDIyfQ.4wTslt499UllIpc0ROFfunraNjX3Gs1IawWSNscFyIE\" (type string) at path \"user\" because of \"BSONError\"","name":"CastError","path":"user","reason":{},"stringValue":"\"eyJhbGciOiJIUzI1NiIsInR5cCI6IkpXVCJ9.eyJlbWFpbCI6IkZpcnN0QGdtYWlsLmNvbSIsIl9pZCI6IjY1MmU3ODk5MzI2ZmY3OGI1MzI1NGM2YSIsImlhdCI6MTY5NzcxMTgyMiwiZXhwIjoxNjk3NzE1NDIyfQ.4wTslt499UllIpc0ROFfunraNjX3Gs1IawWSNscFyIE\"","value":"eyJhbGciOiJIUzI1NiIsInR5cCI6IkpXVCJ9.eyJlbWFpbCI6IkZpcnN0QGdtYWlsLmNvbSIsIl9pZCI6IjY1MmU3ODk5MzI2ZmY3OGI1MzI1NGM2YSIsImlhdCI6MTY5NzcxMTgyMiwiZXhwIjoxNjk3NzE1NDIyfQ.4wTslt499UllIpc0ROFfunraNjX3Gs1IawWSNscFyIE","valueType":"string"}},"level":"error","message":"[UserService] => Task Registration process failed Task validation failed: user: Cast to ObjectId failed for value \"eyJhbGciOiJIUzI1NiIsInR5cCI6IkpXVCJ9.eyJlbWFpbCI6IkZpcnN0QGdtYWlsLmNvbSIsIl9pZCI6IjY1MmU3ODk5MzI2ZmY3OGI1MzI1NGM2YSIsImlhdCI6MTY5NzcxMTgyMiwiZXhwIjoxNjk3NzE1NDIyfQ.4wTslt499UllIpc0ROFfunraNjX3Gs1IawWSNscFyIE\" (type string) at path \"user\" because of \"BSONError\"","stack":"ValidationError: Task validation failed: user: Cast to ObjectId failed for value \"eyJhbGciOiJIUzI1NiIsInR5cCI6IkpXVCJ9.eyJlbWFpbCI6IkZpcnN0QGdtYWlsLmNvbSIsIl9pZCI6IjY1MmU3ODk5MzI2ZmY3OGI1MzI1NGM2YSIsImlhdCI6MTY5NzcxMTgyMiwiZXhwIjoxNjk3NzE1NDIyfQ.4wTslt499UllIpc0ROFfunraNjX3Gs1IawWSNscFyIE\" (type string) at path \"user\" because of \"BSONError\"\n    at Document.invalidate (C:\\Users\\IREMIDE\\Desktop\\altSchool\\NodeJS Assignment\\Todo App\\node_modules\\mongoose\\lib\\document.js:3173:32)\n    at model.$set (C:\\Users\\IREMIDE\\Desktop\\altSchool\\NodeJS Assignment\\Todo App\\node_modules\\mongoose\\lib\\document.js:1453:12)\n    at model.$set (C:\\Users\\IREMIDE\\Desktop\\altSchool\\NodeJS Assignment\\Todo App\\node_modules\\mongoose\\lib\\document.js:1113:16)\n    at model.Document (C:\\Users\\IREMIDE\\Desktop\\altSchool\\NodeJS Assignment\\Todo App\\node_modules\\mongoose\\lib\\document.js:164:12)\n    at model.Model (C:\\Users\\IREMIDE\\Desktop\\altSchool\\NodeJS Assignment\\Todo App\\node_modules\\mongoose\\lib\\model.js:123:12)\n    at new model (C:\\Users\\IREMIDE\\Desktop\\altSchool\\NodeJS Assignment\\Todo App\\node_modules\\mongoose\\lib\\model.js:4730:15)\n    at C:\\Users\\IREMIDE\\Desktop\\altSchool\\NodeJS Assignment\\Todo App\\node_modules\\mongoose\\lib\\model.js:2934:18\n    at Array.map (<anonymous>)\n    at Function.create (C:\\Users\\IREMIDE\\Desktop\\altSchool\\NodeJS Assignment\\Todo App\\node_modules\\mongoose\\lib\\model.js:2923:30)\n    at Object.createTask (C:\\Users\\IREMIDE\\Desktop\\altSchool\\NodeJS Assignment\\Todo App\\Services\\task.services.js:84:39)"}
{"_message":"Task validation failed","errors":{"user":{"kind":"ObjectId","message":"Cast to ObjectId failed for value \"eyJhbGciOiJIUzI1NiIsInR5cCI6IkpXVCJ9.eyJlbWFpbCI6IkZpcnN0QGdtYWlsLmNvbSIsIl9pZCI6IjY1MmU3ODk5MzI2ZmY3OGI1MzI1NGM2YSIsImlhdCI6MTY5NzcxMTgyMiwiZXhwIjoxNjk3NzE1NDIyfQ.4wTslt499UllIpc0ROFfunraNjX3Gs1IawWSNscFyIE\" (type string) at path \"user\" because of \"BSONError\"","name":"CastError","path":"user","reason":{},"stringValue":"\"eyJhbGciOiJIUzI1NiIsInR5cCI6IkpXVCJ9.eyJlbWFpbCI6IkZpcnN0QGdtYWlsLmNvbSIsIl9pZCI6IjY1MmU3ODk5MzI2ZmY3OGI1MzI1NGM2YSIsImlhdCI6MTY5NzcxMTgyMiwiZXhwIjoxNjk3NzE1NDIyfQ.4wTslt499UllIpc0ROFfunraNjX3Gs1IawWSNscFyIE\"","value":"eyJhbGciOiJIUzI1NiIsInR5cCI6IkpXVCJ9.eyJlbWFpbCI6IkZpcnN0QGdtYWlsLmNvbSIsIl9pZCI6IjY1MmU3ODk5MzI2ZmY3OGI1MzI1NGM2YSIsImlhdCI6MTY5NzcxMTgyMiwiZXhwIjoxNjk3NzE1NDIyfQ.4wTslt499UllIpc0ROFfunraNjX3Gs1IawWSNscFyIE","valueType":"string"}},"level":"error","message":"[UserService] => Task Registration process failed Task validation failed: user: Cast to ObjectId failed for value \"eyJhbGciOiJIUzI1NiIsInR5cCI6IkpXVCJ9.eyJlbWFpbCI6IkZpcnN0QGdtYWlsLmNvbSIsIl9pZCI6IjY1MmU3ODk5MzI2ZmY3OGI1MzI1NGM2YSIsImlhdCI6MTY5NzcxMTgyMiwiZXhwIjoxNjk3NzE1NDIyfQ.4wTslt499UllIpc0ROFfunraNjX3Gs1IawWSNscFyIE\" (type string) at path \"user\" because of \"BSONError\"","stack":"ValidationError: Task validation failed: user: Cast to ObjectId failed for value \"eyJhbGciOiJIUzI1NiIsInR5cCI6IkpXVCJ9.eyJlbWFpbCI6IkZpcnN0QGdtYWlsLmNvbSIsIl9pZCI6IjY1MmU3ODk5MzI2ZmY3OGI1MzI1NGM2YSIsImlhdCI6MTY5NzcxMTgyMiwiZXhwIjoxNjk3NzE1NDIyfQ.4wTslt499UllIpc0ROFfunraNjX3Gs1IawWSNscFyIE\" (type string) at path \"user\" because of \"BSONError\"\n    at Document.invalidate (C:\\Users\\IREMIDE\\Desktop\\altSchool\\NodeJS Assignment\\Todo App\\node_modules\\mongoose\\lib\\document.js:3173:32)\n    at model.$set (C:\\Users\\IREMIDE\\Desktop\\altSchool\\NodeJS Assignment\\Todo App\\node_modules\\mongoose\\lib\\document.js:1453:12)\n    at model.$set (C:\\Users\\IREMIDE\\Desktop\\altSchool\\NodeJS Assignment\\Todo App\\node_modules\\mongoose\\lib\\document.js:1113:16)\n    at model.Document (C:\\Users\\IREMIDE\\Desktop\\altSchool\\NodeJS Assignment\\Todo App\\node_modules\\mongoose\\lib\\document.js:164:12)\n    at model.Model (C:\\Users\\IREMIDE\\Desktop\\altSchool\\NodeJS Assignment\\Todo App\\node_modules\\mongoose\\lib\\model.js:123:12)\n    at new model (C:\\Users\\IREMIDE\\Desktop\\altSchool\\NodeJS Assignment\\Todo App\\node_modules\\mongoose\\lib\\model.js:4730:15)\n    at C:\\Users\\IREMIDE\\Desktop\\altSchool\\NodeJS Assignment\\Todo App\\node_modules\\mongoose\\lib\\model.js:2934:18\n    at Array.map (<anonymous>)\n    at Function.create (C:\\Users\\IREMIDE\\Desktop\\altSchool\\NodeJS Assignment\\Todo App\\node_modules\\mongoose\\lib\\model.js:2923:30)\n    at Object.createTask (C:\\Users\\IREMIDE\\Desktop\\altSchool\\NodeJS Assignment\\Todo App\\Services\\task.services.js:84:39)"}
{"level":"info","message":"[UseService] => login process started"}
{"level":"info","message":"[UseService] => login process started"}
{"level":"info","message":"[UseService] => login process started"}
{"level":"info","message":"[UseService] => login process started"}
{"level":"info","message":"[UseService] => login process started"}
{"level":"info","message":"[UseService] => login process started"}
{"level":"info","message":"[UseService] => login process started"}
{"level":"info","message":"[UseService] => login process started"}
{"level":"info","message":"[UseService] => login process started"}
{"level":"info","message":"[UseService] => login process started"}
{"level":"info","message":"[UseService] => login process started"}
{"level":"info","message":"[UseService] => login process started"}
{"level":"info","message":"[UseService] => login process started"}
{"level":"info","message":"[UseService] => login process started"}
{"level":"info","message":"[UserService] => Signup process started"}
{"level":"info","message":"[UseService] => login process started"}
{"level":"info","message":"[UserService] => Signup process started"}
{"level":"info","message":"[UserService] => Signup process started"}
{"level":"info","message":"[UserService] => Signup process started"}
{"level":"info","message":"[UserService] => Signup process started"}
{"level":"info","message":"[UseService] => login process started"}
{"level":"info","message":"[UserService] => Signup process started"}
{"level":"info","message":"[UseService] => login process started"}
{"level":"info","message":"[UserService] => Signup process started"}
{"level":"info","message":"[UserService] => Signup process started"}
{"level":"info","message":"[UseService] => login process started"}
{"level":"info","message":"[UserService] => Signup process started"}
{"level":"info","message":"[UseService] => login process started"}
{"level":"info","message":"[UserService] => Signup process started"}
{"level":"info","message":"[UseService] => login process started"}
{"level":"info","message":"[UseService] => login process started"}
{"level":"info","message":"[UseService] => login process started"}
{"level":"info","message":"[UserService] => Signup process started"}
{"level":"info","message":"[UseService] => login process started"}
{"level":"info","message":"[UseService] => login process started"}
{"level":"info","message":"[UseService] => login process started"}
{"level":"info","message":"[UseService] => login process started"}
{"level":"info","message":"[UseService] => login process started"}
{"level":"info","message":"[UseService] => login process started"}
{"level":"info","message":"[UseService] => login process started"}
